android/app/build/intermediates/manifest_merge_blame_file/release/processReleaseMainManifest/manifest-merger-blame-release-report.txt
1<?xml version="1.0" encoding="utf-8"?>
2<manifest xmlns:android="http://schemas.android.com/apk/res/android"
3    package="com.test"
4    android:versionCode="1"
5    android:versionName="1.0" >
6
7    <uses-sdk
8        android:minSdkVersion="23"
9        android:targetSdkVersion="34" />
10
11    <uses-permission android:name="android.permission.INTERNET" />
11-->src\main\AndroidManifest.xml:3:5-67
11-->src\main\AndroidManifest.xml:3:22-64
12
13    <queries>
13-->src\main\AndroidManifest.xml:4:3-10:13
14        <intent>
14-->src\main\AndroidManifest.xml:5:5-9:14
15            <action android:name="android.intent.action.VIEW" />
15-->src\main\AndroidManifest.xml:6:7-58
15-->src\main\AndroidManifest.xml:6:15-56
16
17            <category android:name="android.intent.category.BROWSABLE" />
17-->src\main\AndroidManifest.xml:7:7-67
17-->src\main\AndroidManifest.xml:7:17-65
18
19            <data android:scheme="https" />
19-->src\main\AndroidManifest.xml:8:7-37
19-->src\main\AndroidManifest.xml:8:13-35
20        </intent>
21    </queries>
22
23    <permission
23-->[androidx.core:core:1.9.0] AndroidManifest.xml:22:5-24:47
24        android:name="com.test.DYNAMIC_RECEIVER_NOT_EXPORTED_PERMISSION"
24-->[androidx.core:core:1.9.0] AndroidManifest.xml:23:9-81
25        android:protectionLevel="signature" />
25-->[androidx.core:core:1.9.0] AndroidManifest.xml:24:9-44
26
27    <uses-permission android:name="com.test.DYNAMIC_RECEIVER_NOT_EXPORTED_PERMISSION" />
27-->[androidx.core:core:1.9.0] AndroidManifest.xml:26:5-97
27-->[androidx.core:core:1.9.0] AndroidManifest.xml:26:22-94
28
29    <application
29-->src\main\AndroidManifest.xml:11:5-31:19
30        android:name="com.test.MainApplication"
30-->src\main\AndroidManifest.xml:12:7-38
31        android:allowBackup="false"
31-->src\main\AndroidManifest.xml:16:7-34
32        android:appComponentFactory="androidx.core.app.CoreComponentFactory"
32-->[androidx.core:core:1.9.0] AndroidManifest.xml:28:18-86
33        android:extractNativeLibs="false"
34        android:icon="@mipmap/ic_launcher"
34-->src\main\AndroidManifest.xml:14:7-41
35        android:label="@string/app_name"
35-->src\main\AndroidManifest.xml:13:7-39
36        android:roundIcon="@mipmap/ic_launcher_round"
36-->src\main\AndroidManifest.xml:15:7-52
37        android:supportsRtl="true"
37-->src\main\AndroidManifest.xml:18:7-33
38        android:theme="@style/AppTheme" >
38-->src\main\AndroidManifest.xml:17:7-38
39        <activity
39-->src\main\AndroidManifest.xml:19:7-30:18
40            android:name="com.test.MainActivity"
40-->src\main\AndroidManifest.xml:20:9-37
41            android:configChanges="keyboard|keyboardHidden|orientation|screenLayout|screenSize|smallestScreenSize|uiMode"
41-->src\main\AndroidManifest.xml:22:9-118
42            android:exported="true"
42-->src\main\AndroidManifest.xml:25:9-32
43            android:label="@string/app_name"
43-->src\main\AndroidManifest.xml:21:9-41
44            android:launchMode="singleTask"
44-->src\main\AndroidManifest.xml:23:9-40
45            android:windowSoftInputMode="adjustResize" >
45-->src\main\AndroidManifest.xml:24:9-51
46            <intent-filter>
46-->src\main\AndroidManifest.xml:26:9-29:25
47                <action android:name="android.intent.action.MAIN" />
47-->src\main\AndroidManifest.xml:27:13-65
47-->src\main\AndroidManifest.xml:27:21-62
48
49                <category android:name="android.intent.category.LAUNCHER" />
49-->src\main\AndroidManifest.xml:28:13-73
49-->src\main\AndroidManifest.xml:28:23-70
50            </intent-filter>
51        </activity>
52
53        <provider
53-->[androidx.emoji2:emoji2:1.2.0] AndroidManifest.xml:24:9-32:20
54            android:name="androidx.startup.InitializationProvider"
54-->[androidx.emoji2:emoji2:1.2.0] AndroidManifest.xml:25:13-67
55            android:authorities="com.test.androidx-startup"
55-->[androidx.emoji2:emoji2:1.2.0] AndroidManifest.xml:26:13-68
56            android:exported="false" >
56-->[androidx.emoji2:emoji2:1.2.0] AndroidManifest.xml:27:13-37
57            <meta-data
57-->[androidx.emoji2:emoji2:1.2.0] AndroidManifest.xml:29:13-31:52
58                android:name="androidx.emoji2.text.EmojiCompatInitializer"
58-->[androidx.emoji2:emoji2:1.2.0] AndroidManifest.xml:30:17-75
59                android:value="androidx.startup" />
59-->[androidx.emoji2:emoji2:1.2.0] AndroidManifest.xml:31:17-49
60            <meta-data
60-->[androidx.lifecycle:lifecycle-process:2.4.1] AndroidManifest.xml:31:13-33:52
61                android:name="androidx.lifecycle.ProcessLifecycleInitializer"
61-->[androidx.lifecycle:lifecycle-process:2.4.1] AndroidManifest.xml:32:17-78
62                android:value="androidx.startup" />
62-->[androidx.lifecycle:lifecycle-process:2.4.1] AndroidManifest.xml:33:17-49
63        </provider>
64
65        <meta-data
65-->[com.facebook.soloader:soloader:0.11.0] AndroidManifest.xml:12:9-14:37
66            android:name="com.facebook.soloader.enabled"
66-->[com.facebook.soloader:soloader:0.11.0] AndroidManifest.xml:13:13-57
67            android:value="false" />
67-->[com.facebook.soloader:soloader:0.11.0] AndroidManifest.xml:14:13-34
68    </application>
69
70</manifest>